<?xml version="1.0" encoding="UTF-8"?>
<testsuite name="asia.daemon.lovesaemi.discordappender.DiscordTest" tests="1" skipped="0" failures="0" errors="0" timestamp="2020-05-26T19:40:30" hostname="seijiro-MBP.local" time="3.418">
  <properties/>
  <testcase name="sendInfoWithoutStack" classname="asia.daemon.lovesaemi.discordappender.DiscordTest" time="3.418"/>
  <system-out><![CDATA[https://discordapp.com/api/webhooks/714915076020109315/_0p_NMfck5Eb2gVbG8tigaZ9p5YEXFyosyP7MU08QTfq24UZL0P3MyNFCbZ4g_lzby0y
<?xml version="1.0" ?>
<Configuration packages="asia.daemon.lovesaemi">
  <Appenders>
    <Discord name="discord" webhook="https://discordapp.com/api/webhooks/714915076020109315/_0p_NMfck5Eb2gVbG8tigaZ9p5YEXFyosyP7MU08QTfq24UZL0P3MyNFCbZ4g_lzby0y">
      <MarkerFilter onMatch="ACCEPT" onMismatch="DENY" marker="DISCORD"/>
      <PatternLayout pattern="[%d{yyyy-MM-dd HH:mm:ss.SSS}], %-5p, %t, %c, %m%n"/>
    </Discord>
  </Appenders>
  <Loggers>
    <Root level="INFO">
      <AppenderRef ref="discord"/>
    </Root>
  </Loggers>
</Configuration>

]]></system-out>
  <system-err><![CDATA[]]></system-err>
</testsuite>
